This is pdfTeX, Version 3.14159265-2.6-1.40.20 (TeX Live 2019) (preloaded format=pdflatex 2020.3.23)  10 JUN 2020 16:43
entering extended mode
 restricted \write18 enabled.
 %&-line parsing enabled.
**ewarchul-cv.tex
(./ewarchul-cv.tex
LaTeX2e <2019-10-01>

! LaTeX Error: File `moderncv.cls' not found.

Type X to quit or <RETURN> to proceed,
or enter new name. (Default extension: cls)

Enter file name: 
! Emergency stop.
<read *> 
         
l.2 \moderncvstyle
                  {classic}^^M
End of file on the terminal!

 
Here is how much of TeX's memory you used:
 12 strings out of 493610
 229 string characters out of 6159293
 55419 words of memory out of 5000000
 4265 multiletter control sequences out of 15000+600000
 3640 words of font info for 14 fonts, out of 8000000 for 9000
 319 hyphenation exceptions out of 8191
 10i,0n,8p,62b,10s stack positions out of 5000i,500n,10000p,200000b,80000s
!  ==> Fatal error occurred, no output PDF file produced!
